<?xml version="1.0" encoding="UTF-8"?>
<!-- Generated by org.testng.reporters.JUnitReportReporter -->
<testsuite skipped="0" hostname="AIPL-LT-519" name="Flipkart.flipkart" tests="1" failures="0" timestamp="2019-11-18T12:47:46 IST" time="28.731" errors="0">
  <testcase name="login" time="28.731" classname="Flipkart.flipkart"/>
</testsuite> <!-- Flipkart.flipkart -->
