<?xml version="1.0" encoding="UTF-8"?>
<!-- Generated by org.testng.reporters.JUnitReportReporter -->
<testsuite skipped="0" hostname="AIPL-LT-519" name="Flipkart.flipkart" tests="1" failures="0" timestamp="2019-11-13T12:10:21 IST" time="29.102" errors="0">
  <testcase name="login" time="29.102" classname="Flipkart.flipkart"/>
</testsuite> <!-- Flipkart.flipkart -->
